<?xml version="1.0" encoding="UTF-8"?>
<!-- Generated by org.testng.reporters.JUnitReportReporter -->
<testsuite hostname="Swapnil" failures="0" tests="1" name="TestSuite.LoginPageTC" time="20.472" errors="0" timestamp="2022-01-29T13:54:56 IST" skipped="0">
  <testcase classname="TestSuite.LoginPageTC" name="continueButtonValidation" time="20.472"/>
  <system-out/>
</testsuite> <!-- TestSuite.LoginPageTC -->
