<?xml version="1.0" encoding="UTF-8"?>
<!-- Generated by org.testng.reporters.JUnitReportReporter -->
<testsuite hostname="Swapnil" failures="0" tests="1" name="TestSuite.HomePageTC" time="16.962" errors="0" timestamp="2022-01-29T18:15:36 IST" skipped="0">
  <testcase classname="TestSuite.HomePageTC" name="menu" time="16.962"/>
  <system-out/>
</testsuite> <!-- TestSuite.HomePageTC -->
