<?xml version="1.0" encoding="UTF-8"?>
<!-- Generated by org.testng.reporters.JUnitReportReporter -->
<testsuite hostname="QA-RKUMBHAR" failures="0" tests="1" name="TestSuite.LoginPageTC" time="4.277" errors="0" timestamp="2022-01-25T16:11:16 IST" skipped="0">
  <testcase classname="TestSuite.LoginPageTC" name="loginTest" time="4.277"/>
  <system-out/>
</testsuite> <!-- TestSuite.LoginPageTC -->
