<?xml version="1.0" encoding="UTF-8"?>
<!-- Generated by org.testng.reporters.JUnitReportReporter -->
<testsuite hostname="DESKTOP-S4ELE8V" failures="0" tests="1" name="TestSuite.HomePageTC" time="0.198" errors="0" timestamp="2022-01-29T17:04:20 IST" skipped="0">
  <testcase classname="TestSuite.HomePageTC" name="menu" time="0.198"/>
  <system-out/>
</testsuite> <!-- TestSuite.HomePageTC -->
